<?xml version="1.0" encoding="UTF-8"?>
<!-- Generated by org.testng.reporters.JUnitReportReporter -->
<testsuite hostname="IN2-1018546LT1" failures="0" tests="1" name="testcases.DAY5" time="0.000" errors="0" timestamp="21 Jan 2019 15:37:06 GMT" skipped="0">
  <testcase classname="testcases.DAY5" name="test1" time="0.000"/>
</testsuite> <!-- testcases.DAY5 -->
