<?xml version="1.0" encoding="UTF-8"?>
<!-- Generated by org.testng.reporters.JUnitReportReporter -->
<testsuite hostname="ANUMANTHU-PC" failures="0" tests="2" name="webdrivertechniques.HashMapExamples" time="0.016" errors="0" timestamp="29 Jul 2018 05:21:41 GMT" skipped="0">
  <testcase classname="webdrivertechniques.HashMapExamples" name="loginWithCustomer" time="0.016"/>
  <testcase classname="webdrivertechniques.HashMapExamples" name="loginWithAdmin" time="0.000"/>
</testsuite> <!-- webdrivertechniques.HashMapExamples -->
