<?xml version="1.0" encoding="UTF-8"?>
<!-- Generated by org.testng.reporters.JUnitReportReporter -->
<testsuite hostname="ANUMANTHU-PC" failures="0" tests="1" name="testcases.CopyPasteWebElment" time="10.778" errors="0" timestamp="20 Jul 2018 16:17:12 GMT" skipped="0">
  <testcase classname="testcases.CopyPasteWebElment" name="copyPaste" time="10.778"/>
</testsuite> <!-- testcases.CopyPasteWebElment -->
