<?xml version="1.0" encoding="UTF-8"?>
<!-- Generated by org.testng.reporters.JUnitReportReporter -->
<testsuite hostname="ANUMANTHU-PC" failures="0" tests="2" name="test.Day5" time="0.020" errors="0" timestamp="14 Jun 2018 15:20:05 GMT" skipped="0">
  <testcase classname="test.Day5" name="Demo1" time="0.018"/>
  <testcase classname="test.Day5" name="SecondTest1" time="0.002"/>
</testsuite> <!-- test.Day5 -->
