<?xml version="1.0" encoding="UTF-8"?>
<!-- Generated by org.testng.reporters.JUnitReportReporter -->
<testsuite hostname="ANUMANTHU-PC" failures="0" tests="1" name="academy.Registration" time="42.091" errors="0" timestamp="24 Aug 2018 14:42:50 GMT">
  <testcase classname="academy.Registration" name="register" time="42.091"/>
</testsuite> <!-- academy.Registration -->
