<?xml version="1.0" encoding="UTF-8"?>
<!-- Generated by org.testng.reporters.JUnitReportReporter -->
<testsuite skipped="2" hostname="AKINDINT-LAP" name="academy.FaceBookPrintFriends" tests="4" failures="0" timestamp="20 Sep 2019 15:51:59 GMT" time="201.184" errors="0">
  <testcase name="login" time="25.756" classname="academy.FaceBookPrintFriends"/>
  <testcase name="printFriendsList" time="175.428" classname="academy.FaceBookPrintFriends"/>
  <testcase name="anotherMehtod" classname="academy.FaceBookPrintFriends">
    <skipped/>
  </testcase> <!-- anotherMehtod -->
  <testcase name="anotherMehtod1" classname="academy.FaceBookPrintFriends">
    <skipped/>
  </testcase> <!-- anotherMehtod1 -->
</testsuite> <!-- academy.FaceBookPrintFriends -->
