<?xml version="1.0" encoding="UTF-8"?>
<!-- Generated by org.testng.reporters.JUnitReportReporter -->
<testsuite hostname="ANUMANTHU-PC" failures="0" tests="1" name="test.day1" time="0.008" errors="0" timestamp="26 Jun 2018 16:04:07 GMT" skipped="0">
  <testcase classname="test.day1" name="Demo" time="0.008"/>
</testsuite> <!-- test.day1 -->
