<?xml version="1.0" encoding="UTF-8"?>
<!-- Generated by org.testng.reporters.JUnitReportReporter -->
<testsuite skipped="1" hostname="AKINDINT-LAP" name="utils.TestUtil" tests="1" failures="0" timestamp="17 Aug 2019 17:36:11 GMT" time="0.000" errors="0">
  <testcase name="printuseridpassord" time="0.000" classname="utils.TestUtil">
    <skipped/>
  </testcase> <!-- printuseridpassord -->
</testsuite> <!-- utils.TestUtil -->
