<?xml version="1.0" encoding="UTF-8"?>
<!-- Generated by org.testng.reporters.JUnitReportReporter -->
<testsuite skipped="0" hostname="AKINDINT-LAP" name="testcases.Day1" tests="4" failures="0" timestamp="18 Aug 2019 15:21:07 GMT" time="0.011" errors="0">
  <testcase name="Demo" time="0.001" classname="testcases.Day1"/>
  <testcase name="SecondTest" time="0.002" classname="testcases.Day1"/>
  <testcase name="Demo" time="0.007" classname="testcases.Day1"/>
  <testcase name="SecondTest" time="0.001" classname="testcases.Day1"/>
</testsuite> <!-- testcases.Day1 -->
