<?xml version="1.0" encoding="UTF-8"?>
<!-- Generated by org.testng.reporters.JUnitReportReporter -->
<testsuite hostname="IN2-1018546LT1" failures="0" tests="1" name="locators.CopyPasteWebElment" time="10.895" errors="0" timestamp="15 Jan 2019 16:25:01 GMT" skipped="0">
  <testcase classname="locators.CopyPasteWebElment" name="copyPaste" time="10.895"/>
</testsuite> <!-- locators.CopyPasteWebElment -->
