<?xml version="1.0" encoding="UTF-8"?>
<!-- Generated by org.testng.reporters.JUnitReportReporter -->
<testsuite skipped="1" hostname="AKINDINT-LAP" name="testcases.Day3" tests="6" failures="0" timestamp="18 Aug 2019 15:21:07 GMT" time="0.013" errors="0">
  <testcase name="LoginAPIcarLoan" time="0.001" classname="testcases.Day3"/>
  <testcase name="LoginAPIcarLoan" time="0.002" classname="testcases.Day3"/>
  <testcase name="LoginAPIcarLoan" time="0.001" classname="testcases.Day3"/>
  <testcase name="MobilesignoutcarLoan" time="0.008" classname="testcases.Day3"/>
  <testcase name="LoginAPIcarLoan" time="0.001" classname="testcases.Day3"/>
  <testcase name="MobilesignincarLoan" classname="testcases.Day3">
    <skipped/>
  </testcase> <!-- MobilesignincarLoan -->
</testsuite> <!-- testcases.Day3 -->
