<?xml version="1.0" encoding="UTF-8"?>
<!-- Generated by org.testng.reporters.JUnitReportReporter -->
<testsuite skipped="0" hostname="AKINDINT-LAP" name="assignments.RealTimeExcercises" tests="1" failures="0" timestamp="17 Aug 2019 16:46:01 GMT" time="26.379" errors="0">
  <testcase name="realtimeExamples" time="26.379" classname="assignments.RealTimeExcercises"/>
</testsuite> <!-- assignments.RealTimeExcercises -->
