<?xml version="1.0" encoding="UTF-8"?>
<!-- Generated by org.testng.reporters.JUnitReportReporter -->
<testsuite hostname="ANUMANTHU-PC" failures="0" tests="6" name="test.day3" time="0.072" errors="0" timestamp="26 Jun 2018 16:04:07 GMT" skipped="1">
  <testcase classname="test.day3" name="WebloginCarLoan" time="0.008"/>
  <testcase classname="test.day3" name="MobileLogincarLoan" time="0.053"/>
  <testcase classname="test.day3" name="MobilesignoutcarLoan" time="0.005"/>
  <testcase classname="test.day3" name="MobilesignoutcarLoan" time="0.003"/>
  <testcase classname="test.day3" name="MobilesignoutcarLoan" time="0.003"/>
  <testcase classname="test.day3" name="MobilesignimcarLoan">
    <skipped/>
  </testcase> <!-- MobilesignimcarLoan -->
</testsuite> <!-- test.day3 -->
