<?xml version="1.0" encoding="UTF-8"?>
<!-- Generated by org.testng.reporters.JUnitReportReporter -->
<testsuite skipped="0" hostname="AKINDINT-LAP" name="testcases.Day4" tests="1" failures="0" timestamp="18 Aug 2019 15:21:07 GMT" time="0.001" errors="0">
  <testcase name="WebloginHomeLoan" time="0.001" classname="testcases.Day4"/>
</testsuite> <!-- testcases.Day4 -->
