<?xml version="1.0" encoding="UTF-8"?>
<!-- Generated by org.testng.reporters.JUnitReportReporter -->
<testsuite hostname="IN2-1018546LT1" failures="0" tests="1" name="academy.AssertionTestCase" time="30.981" errors="0" timestamp="26 Jan 2019 11:45:53 GMT" skipped="0">
  <testcase classname="academy.AssertionTestCase" name="basePageNavigation" time="30.981"/>
</testsuite> <!-- academy.AssertionTestCase -->
