<?xml version="1.0" encoding="UTF-8"?>
<!-- Generated by org.testng.reporters.JUnitReportReporter -->
<testsuite hostname="B2WBYY2" failures="0" tests="1" name="JsonPathLearning.SumValidation" time="1.090" errors="0"
           timestamp="2021-01-22T17:50:42 IST" skipped="0">
    <testcase classname="JsonPathLearning.SumValidation" name="sumOfCourses" time="1.090"/>
    <system-out/>
</testsuite> <!-- JsonPathLearning.SumValidation -->
