<?xml version="1.0" encoding="UTF-8"?>
<!-- Generated by org.testng.reporters.JUnitReportReporter -->
<testsuite hostname="ANUMANTHU-PC" failures="0" tests="1" name="testcases.SelectClassExamples" time="20.475" errors="0" timestamp="15 Jul 2018 05:27:12 GMT" skipped="0">
  <testcase classname="testcases.SelectClassExamples" name="selectDropDownValues" time="20.475"/>
</testsuite> <!-- testcases.SelectClassExamples -->
