<?xml version="1.0" encoding="UTF-8"?>
<!-- Generated by org.testng.reporters.JUnitReportReporter -->
<testsuite hostname="IN2-1018546LT1" failures="0" tests="1" name="webdrivertechniques.SelectClassExamples" time="33.006" errors="0" timestamp="16 Feb 2019 10:04:20 GMT" skipped="0">
  <testcase classname="webdrivertechniques.SelectClassExamples" name="selectDropDownValues" time="33.006"/>
</testsuite> <!-- webdrivertechniques.SelectClassExamples -->
